<?xml version="1.0" encoding="UTF-8"?>
<testsuite xmlns:xsi="http://www.w3.org/2001/XMLSchema-instance" xsi:noNamespaceSchemaLocation="https://maven.apache.org/surefire/maven-surefire-plugin/xsd/surefire-test-report-3.0.xsd" version="3.0" name="com.dukaanpe.analytics.AnalyticsServiceApplicationTests" time="2.427" tests="1" errors="0" skipped="0" failures="0">
  <properties>
[...]
</properties>
  <testcase name="contextLoads" classname="com.dukaanpe.analytics.AnalyticsServiceApplicationTests" time="0.01">
    <system-out><![CDATA[2026-04-11T01:24:30.551+05:30  INFO [traceId=, spanId=] 19892 --- [analytics-service] [           main] [                                                 ] t.c.s.AnnotationConfigContextLoaderUtils : Could not detect default configuration classes for test class [com.dukaanpe.analytics.AnalyticsServiceApplicationTests]: AnalyticsServiceApplicationTests does not declare any static, non-private, non-final, nested classes annotated with @Configuration.
2026-04-11T01:24:30.555+05:30  INFO [traceId=, spanId=] 19892 --- [analytics-service] [           main] [                                                 ] .b.t.c.SpringBootTestContextBootstrapper : Found @SpringBootConfiguration com.dukaanpe.analytics.AnalyticsServiceApplication for test class com.dukaanpe.analytics.AnalyticsServiceApplicationTests

  .   ____          _            __ _ _
 /\\ / ___'_ __ _ _(_)_ __  __ _ \ \ \ \
( ( )\___ | '_ | '_| | '_ \/ _` | \ \ \ \
 \\/  ___)| |_)| | | | | || (_| |  ) ) ) )
  '  |____| .__|_| |_|_| |_\__, | / / / /
 =========|_|==============|___/=/_/_/_/
 :: Spring Boot ::                (v3.2.5)

2026-04-11T01:24:30.680+05:30  INFO [traceId=, spanId=] 19892 --- [analytics-service] [           main] [                                                 ] c.d.a.AnalyticsServiceApplicationTests   : Starting AnalyticsServiceApplicationTests using Java 21.0.5 with PID 19892 (started by mayas in C:\Users\mayas\Downloads\demoSpring\dukaanpe-platform\dukaanpe-analytics-service)
2026-04-11T01:24:30.680+05:30  INFO [traceId=, spanId=] 19892 --- [analytics-service] [           main] [                                                 ] c.d.a.AnalyticsServiceApplicationTests   : The following 1 profile is active: "test"
2026-04-11T01:24:31.312+05:30  INFO [traceId=, spanId=] 19892 --- [analytics-service] [           main] [                                                 ] .s.d.r.c.RepositoryConfigurationDelegate : Bootstrapping Spring Data JPA repositories in DEFAULT mode.
2026-04-11T01:24:31.342+05:30  INFO [traceId=, spanId=] 19892 --- [analytics-service] [           main] [                                                 ] .s.d.r.c.RepositoryConfigurationDelegate : Finished Spring Data repository scanning in 29 ms. Found 2 JPA repository interfaces.
2026-04-11T01:24:31.411+05:30  INFO [traceId=, spanId=] 19892 --- [analytics-service] [           main] [                                                 ] o.s.cloud.context.scope.GenericScope     : BeanFactory id=09ba3298-9e55-39c4-afe0-65f9510b7835
2026-04-11T01:24:31.470+05:30  WARN [traceId=, spanId=] 19892 --- [analytics-service] [           main] [                                                 ] trationDelegate$BeanPostProcessorChecker : Bean 'org.springframework.cloud.client.loadbalancer.LoadBalancerAutoConfiguration$DeferringLoadBalancerInterceptorConfig' of type [org.springframework.cloud.client.loadbalancer.LoadBalancerAutoConfiguration$DeferringLoadBalancerInterceptorConfig] is not eligible for getting processed by all BeanPostProcessors (for example: not eligible for auto-proxying). The currently created BeanPostProcessor [lbRestClientPostProcessor] is declared through a non-static factory method on that class; consider declaring it as static instead.
2026-04-11T01:24:31.472+05:30  WARN [traceId=, spanId=] 19892 --- [analytics-service] [           main] [                                                 ] trationDelegate$BeanPostProcessorChecker : Bean 'deferringLoadBalancerInterceptor' of type [org.springframework.cloud.client.loadbalancer.DeferringLoadBalancerInterceptor] is not eligible for getting processed by all BeanPostProcessors (for example: not eligible for auto-proxying). Is this bean getting eagerly injected into a currently created BeanPostProcessor [lbRestClientPostProcessor]? Check the corresponding BeanPostProcessor declaration and its dependencies.
2026-04-11T01:24:31.534+05:30  INFO [traceId=, spanId=] 19892 --- [analytics-service] [           main] [                                                 ] com.zaxxer.hikari.HikariDataSource       : HikariPool-2 - Starting...
2026-04-11T01:24:31.535+05:30  INFO [traceId=, spanId=] 19892 --- [analytics-service] [           main] [                                                 ] com.zaxxer.hikari.pool.HikariPool        : HikariPool-2 - Added connection conn10: url=jdbc:h2:mem:analyticsdb-test user=SA
2026-04-11T01:24:31.536+05:30  INFO [traceId=, spanId=] 19892 --- [analytics-service] [           main] [                                                 ] com.zaxxer.hikari.HikariDataSource       : HikariPool-2 - Start completed.
2026-04-11T01:24:31.548+05:30  INFO [traceId=, spanId=] 19892 --- [analytics-service] [           main] [                                                 ] org.flywaydb.core.FlywayExecutor         : Database: jdbc:h2:mem:analyticsdb-test (H2 2.2)
2026-04-11T01:24:31.550+05:30  WARN [traceId=, spanId=] 19892 --- [analytics-service] [           main] [                                                 ] o.f.c.internal.database.base.Database    : Flyway upgrade recommended: H2 2.2.224 is newer than this version of Flyway and support has not been tested. The latest supported version of H2 is 2.2.220.
2026-04-11T01:24:31.557+05:30  INFO [traceId=, spanId=] 19892 --- [analytics-service] [           main] [                                                 ] o.f.core.internal.command.DbValidate     : Successfully validated 1 migration (execution time 00:00.005s)
2026-04-11T01:24:31.560+05:30  INFO [traceId=, spanId=] 19892 --- [analytics-service] [           main] [                                                 ] o.f.core.internal.command.DbMigrate      : Current version of schema "PUBLIC": 1
2026-04-11T01:24:31.561+05:30  INFO [traceId=, spanId=] 19892 --- [analytics-service] [           main] [                                                 ] o.f.core.internal.command.DbMigrate      : Schema "PUBLIC" is up to date. No migration necessary.
2026-04-11T01:24:31.611+05:30  INFO [traceId=, spanId=] 19892 --- [analytics-service] [           main] [                                                 ] o.hibernate.jpa.internal.util.LogHelper  : HHH000204: Processing PersistenceUnitInfo [name: default]
2026-04-11T01:24:31.618+05:30  INFO [traceId=, spanId=] 19892 --- [analytics-service] [           main] [                                                 ] o.h.c.internal.RegionFactoryInitiator    : HHH000026: Second-level cache disabled
2026-04-11T01:24:31.628+05:30  INFO [traceId=, spanId=] 19892 --- [analytics-service] [           main] [                                                 ] o.s.o.j.p.SpringPersistenceUnitInfo      : No LoadTimeWeaver setup: ignoring JPA class transformer
2026-04-11T01:24:31.631+05:30  WARN [traceId=, spanId=] 19892 --- [analytics-service] [           main] [                                                 ] org.hibernate.orm.deprecation            : HHH90000025: H2Dialect does not need to be specified explicitly using 'hibernate.dialect' (remove the property setting and it will be selected by default)
2026-04-11T01:24:31.789+05:30  INFO [traceId=, spanId=] 19892 --- [analytics-service] [           main] [                                                 ] o.h.e.t.j.p.i.JtaPlatformInitiator       : HHH000489: No JTA platform available (set 'hibernate.transaction.jta.platform' to enable JTA platform integration)
2026-04-11T01:24:31.792+05:30  INFO [traceId=, spanId=] 19892 --- [analytics-service] [           main] [                                                 ] j.LocalContainerEntityManagerFactoryBean : Initialized JPA EntityManagerFactory for persistence unit 'default'
2026-04-11T01:24:32.053+05:30  WARN [traceId=, spanId=] 19892 --- [analytics-service] [           main] [                                                 ] JpaBaseConfiguration$JpaWebConfiguration : spring.jpa.open-in-view is enabled by default. Therefore, database queries may be performed during view rendering. Explicitly configure spring.jpa.open-in-view to disable this warning
2026-04-11T01:24:32.808+05:30  INFO [traceId=, spanId=] 19892 --- [analytics-service] [           main] [                                                 ] DiscoveryClientOptionalArgsConfiguration : Eureka HTTP Client uses RestTemplate.
2026-04-11T01:24:32.880+05:30  WARN [traceId=, spanId=] 19892 --- [analytics-service] [           main] [                                                 ] iguration$LoadBalancerCaffeineWarnLogger : Spring Cloud LoadBalancer is currently working with the default cache. While this cache implementation is useful for development and tests, it's recommended to use Caffeine cache in production.You can switch to using Caffeine cache, by adding it and org.springframework.cache.caffeine.CaffeineCacheManager to the classpath.
2026-04-11T01:24:32.891+05:30  INFO [traceId=, spanId=] 19892 --- [analytics-service] [           main] [                                                 ] o.s.b.a.e.web.EndpointLinksResolver      : Exposing 2 endpoint(s) beneath base path '/actuator'
2026-04-11T01:24:32.958+05:30  INFO [traceId=, spanId=] 19892 --- [analytics-service] [           main] [                                                 ] c.d.a.AnalyticsServiceApplicationTests   : Started AnalyticsServiceApplicationTests in 2.396 seconds (process running for 19.912)
]]></system-out>
  </testcase>
</testsuite>