<?xml version="1.0" encoding="UTF-8"?>
<testsuite xmlns:xsi="http://www.w3.org/2001/XMLSchema-instance" xsi:noNamespaceSchemaLocation="https://maven.apache.org/surefire/maven-surefire-plugin/xsd/surefire-test-report-3.0.xsd" version="3.0" name="com.dukaanpe.gateway.GatewayHealthIntegrationTests" time="3.32" tests="5" errors="0" skipped="0" failures="0">
  <properties>
[...]
</properties>
  <testcase name="corsConfigurationAllowsFrontendOriginForApiRoutes" classname="com.dukaanpe.gateway.GatewayHealthIntegrationTests" time="0.157">
    <system-out><![CDATA[2026-04-11T01:19:55.860+05:30  INFO [traceId=, spanId=] 21544 --- [api-gateway] [           main] [                                                 ] t.c.s.AnnotationConfigContextLoaderUtils : Could not detect default configuration classes for test class [com.dukaanpe.gateway.GatewayHealthIntegrationTests]: GatewayHealthIntegrationTests does not declare any static, non-private, non-final, nested classes annotated with @Configuration.
2026-04-11T01:19:55.886+05:30  INFO [traceId=, spanId=] 21544 --- [api-gateway] [           main] [                                                 ] .b.t.c.SpringBootTestContextBootstrapper : Found @SpringBootConfiguration com.dukaanpe.gateway.ApiGatewayApplication for test class com.dukaanpe.gateway.GatewayHealthIntegrationTests

  .   ____          _            __ _ _
 /\\ / ___'_ __ _ _(_)_ __  __ _ \ \ \ \
( ( )\___ | '_ | '_| | '_ \/ _` | \ \ \ \
 \\/  ___)| |_)| | | | | || (_| |  ) ) ) )
  '  |____| .__|_| |_|_| |_\__, | / / / /
 =========|_|==============|___/=/_/_/_/
 :: Spring Boot ::                (v3.2.5)

2026-04-11T01:19:56.075+05:30  INFO [traceId=, spanId=] 21544 --- [api-gateway] [           main] [                                                 ] c.d.g.GatewayHealthIntegrationTests      : Starting GatewayHealthIntegrationTests using Java 21.0.5 with PID 21544 (started by mayas in C:\Users\mayas\Downloads\demoSpring\dukaanpe-platform\dukaanpe-api-gateway)
2026-04-11T01:19:56.075+05:30  INFO [traceId=, spanId=] 21544 --- [api-gateway] [           main] [                                                 ] c.d.g.GatewayHealthIntegrationTests      : The following 1 profile is active: "test"
2026-04-11T01:19:56.866+05:30  INFO [traceId=, spanId=] 21544 --- [api-gateway] [           main] [                                                 ] o.s.cloud.context.scope.GenericScope     : BeanFactory id=0b5e2478-9c82-3548-ae14-83047849f107
2026-04-11T01:19:56.894+05:30  WARN [traceId=, spanId=] 21544 --- [api-gateway] [           main] [                                                 ] trationDelegate$BeanPostProcessorChecker : Bean 'org.springframework.cloud.client.loadbalancer.LoadBalancerAutoConfiguration$DeferringLoadBalancerInterceptorConfig' of type [org.springframework.cloud.client.loadbalancer.LoadBalancerAutoConfiguration$DeferringLoadBalancerInterceptorConfig] is not eligible for getting processed by all BeanPostProcessors (for example: not eligible for auto-proxying). The currently created BeanPostProcessor [lbRestClientPostProcessor] is declared through a non-static factory method on that class; consider declaring it as static instead.
2026-04-11T01:19:56.896+05:30  WARN [traceId=, spanId=] 21544 --- [api-gateway] [           main] [                                                 ] trationDelegate$BeanPostProcessorChecker : Bean 'deferringLoadBalancerInterceptor' of type [org.springframework.cloud.client.loadbalancer.DeferringLoadBalancerInterceptor] is not eligible for getting processed by all BeanPostProcessors (for example: not eligible for auto-proxying). Is this bean getting eagerly injected into a currently created BeanPostProcessor [lbRestClientPostProcessor]? Check the corresponding BeanPostProcessor declaration and its dependencies.
2026-04-11T01:19:56.898+05:30  WARN [traceId=, spanId=] 21544 --- [api-gateway] [           main] [                                                 ] trationDelegate$BeanPostProcessorChecker : Bean 'org.springframework.cloud.client.loadbalancer.reactive.LoadBalancerBeanPostProcessorAutoConfiguration' of type [org.springframework.cloud.client.loadbalancer.reactive.LoadBalancerBeanPostProcessorAutoConfiguration] is not eligible for getting processed by all BeanPostProcessors (for example: not eligible for auto-proxying). The currently created BeanPostProcessor [loadBalancerWebClientBuilderBeanPostProcessor] is declared through a non-static factory method on that class; consider declaring it as static instead.
2026-04-11T01:19:56.899+05:30  WARN [traceId=, spanId=] 21544 --- [api-gateway] [           main] [                                                 ] trationDelegate$BeanPostProcessorChecker : Bean 'org.springframework.cloud.client.loadbalancer.reactive.LoadBalancerBeanPostProcessorAutoConfiguration$ReactorDeferringLoadBalancerFilterConfig' of type [org.springframework.cloud.client.loadbalancer.reactive.LoadBalancerBeanPostProcessorAutoConfiguration$ReactorDeferringLoadBalancerFilterConfig] is not eligible for getting processed by all BeanPostProcessors (for example: not eligible for auto-proxying). Is this bean getting eagerly injected into a currently created BeanPostProcessor [loadBalancerWebClientBuilderBeanPostProcessor]? Check the corresponding BeanPostProcessor declaration and its dependencies.
2026-04-11T01:19:56.899+05:30  WARN [traceId=, spanId=] 21544 --- [api-gateway] [           main] [                                                 ] trationDelegate$BeanPostProcessorChecker : Bean 'reactorDeferringLoadBalancerExchangeFilterFunction' of type [org.springframework.cloud.client.loadbalancer.reactive.DeferringLoadBalancerExchangeFilterFunction] is not eligible for getting processed by all BeanPostProcessors (for example: not eligible for auto-proxying). Is this bean getting eagerly injected into a currently created BeanPostProcessor [loadBalancerWebClientBuilderBeanPostProcessor]? Check the corresponding BeanPostProcessor declaration and its dependencies.
2026-04-11T01:19:57.302+05:30  INFO [traceId=, spanId=] 21544 --- [api-gateway] [           main] [                                                 ] o.s.c.g.r.RouteDefinitionRouteLocator    : Loaded RoutePredicateFactory [After]
2026-04-11T01:19:57.303+05:30  INFO [traceId=, spanId=] 21544 --- [api-gateway] [           main] [                                                 ] o.s.c.g.r.RouteDefinitionRouteLocator    : Loaded RoutePredicateFactory [Before]
2026-04-11T01:19:57.303+05:30  INFO [traceId=, spanId=] 21544 --- [api-gateway] [           main] [                                                 ] o.s.c.g.r.RouteDefinitionRouteLocator    : Loaded RoutePredicateFactory [Between]
2026-04-11T01:19:57.303+05:30  INFO [traceId=, spanId=] 21544 --- [api-gateway] [           main] [                                                 ] o.s.c.g.r.RouteDefinitionRouteLocator    : Loaded RoutePredicateFactory [Cookie]
2026-04-11T01:19:57.304+05:30  INFO [traceId=, spanId=] 21544 --- [api-gateway] [           main] [                                                 ] o.s.c.g.r.RouteDefinitionRouteLocator    : Loaded RoutePredicateFactory [Header]
2026-04-11T01:19:57.304+05:30  INFO [traceId=, spanId=] 21544 --- [api-gateway] [           main] [                                                 ] o.s.c.g.r.RouteDefinitionRouteLocator    : Loaded RoutePredicateFactory [Host]
2026-04-11T01:19:57.304+05:30  INFO [traceId=, spanId=] 21544 --- [api-gateway] [           main] [                                                 ] o.s.c.g.r.RouteDefinitionRouteLocator    : Loaded RoutePredicateFactory [Method]
2026-04-11T01:19:57.304+05:30  INFO [traceId=, spanId=] 21544 --- [api-gateway] [           main] [                                                 ] o.s.c.g.r.RouteDefinitionRouteLocator    : Loaded RoutePredicateFactory [Path]
2026-04-11T01:19:57.304+05:30  INFO [traceId=, spanId=] 21544 --- [api-gateway] [           main] [                                                 ] o.s.c.g.r.RouteDefinitionRouteLocator    : Loaded RoutePredicateFactory [Query]
2026-04-11T01:19:57.305+05:30  INFO [traceId=, spanId=] 21544 --- [api-gateway] [           main] [                                                 ] o.s.c.g.r.RouteDefinitionRouteLocator    : Loaded RoutePredicateFactory [ReadBody]
2026-04-11T01:19:57.305+05:30  INFO [traceId=, spanId=] 21544 --- [api-gateway] [           main] [                                                 ] o.s.c.g.r.RouteDefinitionRouteLocator    : Loaded RoutePredicateFactory [RemoteAddr]
2026-04-11T01:19:57.305+05:30  INFO [traceId=, spanId=] 21544 --- [api-gateway] [           main] [                                                 ] o.s.c.g.r.RouteDefinitionRouteLocator    : Loaded RoutePredicateFactory [XForwardedRemoteAddr]
2026-04-11T01:19:57.305+05:30  INFO [traceId=, spanId=] 21544 --- [api-gateway] [           main] [                                                 ] o.s.c.g.r.RouteDefinitionRouteLocator    : Loaded RoutePredicateFactory [Weight]
2026-04-11T01:19:57.305+05:30  INFO [traceId=, spanId=] 21544 --- [api-gateway] [           main] [                                                 ] o.s.c.g.r.RouteDefinitionRouteLocator    : Loaded RoutePredicateFactory [CloudFoundryRouteService]
2026-04-11T01:19:57.415+05:30  INFO [traceId=, spanId=] 21544 --- [api-gateway] [           main] [                                                 ] o.s.b.a.e.web.EndpointLinksResolver      : Exposing 2 endpoint(s) beneath base path '/actuator'
2026-04-11T01:19:57.683+05:30  INFO [traceId=, spanId=] 21544 --- [api-gateway] [           main] [                                                 ] DiscoveryClientOptionalArgsConfiguration : Eureka HTTP Client uses RestTemplate.
2026-04-11T01:19:57.705+05:30  WARN [traceId=, spanId=] 21544 --- [api-gateway] [           main] [                                                 ] iguration$LoadBalancerCaffeineWarnLogger : Spring Cloud LoadBalancer is currently working with the default cache. While this cache implementation is useful for development and tests, it's recommended to use Caffeine cache in production.You can switch to using Caffeine cache, by adding it and org.springframework.cache.caffeine.CaffeineCacheManager to the classpath.
2026-04-11T01:19:58.379+05:30  INFO [traceId=, spanId=] 21544 --- [api-gateway] [           main] [                                                 ] o.s.b.web.embedded.netty.NettyWebServer  : Netty started on port 54303
2026-04-11T01:19:58.462+05:30  INFO [traceId=, spanId=] 21544 --- [api-gateway] [           main] [                                                 ] c.d.g.GatewayHealthIntegrationTests      : Started GatewayHealthIntegrationTests in 2.538 seconds (process running for 13.912)
]]></system-out>
  </testcase>
  <testcase name="corsConfigurationDoesNotAllowUnknownOrigin" classname="com.dukaanpe.gateway.GatewayHealthIntegrationTests" time="0.013"/>
  <testcase name="actuatorHealthIsReachable" classname="com.dukaanpe.gateway.GatewayHealthIntegrationTests" time="0.366"/>
  <testcase name="expectedCoreRoutesAreLoaded" classname="com.dukaanpe.gateway.GatewayHealthIntegrationTests" time="0.05"/>
  <testcase name="unmatchedApiPathReturnsNotFound" classname="com.dukaanpe.gateway.GatewayHealthIntegrationTests" time="0.107"/>
</testsuite>